-------------------------------------------------------------------------------
Test set: com.example.ecommerceapi.AuthControllerTest
-------------------------------------------------------------------------------
Tests run: 3, Failures: 1, Errors: 0, Skipped: 0, Time elapsed: 0.537 s <<< FAILURE! -- in com.example.ecommerceapi.AuthControllerTest
com.example.ecommerceapi.AuthControllerTest.signupReturnsConflictWhenEmailAlreadyExists -- Time elapsed: 0.446 s <<< FAILURE!
java.lang.AssertionError: Status expected:<409> but was:<404>
	at org.springframework.test.util.AssertionErrors.fail(AssertionErrors.java:59)
	at org.springframework.test.util.AssertionErrors.assertEquals(AssertionErrors.java:122)
	at org.springframework.test.web.servlet.result.StatusResultMatchers.lambda$matcher$9(StatusResultMatchers.java:637)
	at org.springframework.test.web.servlet.MockMvc$1.andExpect(MockMvc.java:214)
	at com.example.ecommerceapi.AuthControllerTest.signupReturnsConflictWhenEmailAlreadyExists(AuthControllerTest.java:38)
	at java.base/java.lang.reflect.Method.invoke(Method.java:580)
	at java.base/java.util.ArrayList.forEach(ArrayList.java:1596)
	at java.base/java.util.ArrayList.forEach(ArrayList.java:1596)

